<?xml version="1.0" encoding="UTF-8"?>
<testsuite xmlns:xsi="http://www.w3.org/2001/XMLSchema-instance" xsi:noNamespaceSchemaLocation="https://maven.apache.org/surefire/maven-surefire-plugin/xsd/surefire-test-report.xsd" name="store.ProductStoreTest" time="3.679" tests="4" errors="0" skipped="0" failures="0">
  <properties>
[...]
</properties>
  <testcase name="testAll[1][1]" classname="store.ProductStoreTest" time="1.289"/>
  <testcase name="testAll[1][2]" classname="store.ProductStoreTest" time="0.771"/>
  <testcase name="testAll[2][1]" classname="store.ProductStoreTest" time="0.598"/>
  <testcase name="testAll[2][2]" classname="store.ProductStoreTest" time="0.708"/>
</testsuite>